Determining if the pthread_create exist failed with the following output:
Change Dir: /home/ly_dra/Desktop/Slam/ch6/ceres_curve_fitting/build/CMakeFiles/CMakeTmp

Run Build Command:"/usr/bin/make" "cmTC_4ecfd/fast"
/usr/bin/make -f CMakeFiles/cmTC_4ecfd.dir/build.make CMakeFiles/cmTC_4ecfd.dir/build
make[1]: Entering directory '/home/ly_dra/Desktop/Slam/ch6/ceres_curve_fitting/build/CMakeFiles/CMakeTmp'
Building C object CMakeFiles/cmTC_4ecfd.dir/CheckSymbolExists.c.o
/usr/bin/cc     -o CMakeFiles/cmTC_4ecfd.dir/CheckSymbolExists.c.o   -c /home/ly_dra/Desktop/Slam/ch6/ceres_curve_fitting/build/CMakeFiles/CMakeTmp/CheckSymbolExists.c
Linking C executable cmTC_4ecfd
/usr/bin/cmake -E cmake_link_script CMakeFiles/cmTC_4ecfd.dir/link.txt --verbose=1
/usr/bin/cc       CMakeFiles/cmTC_4ecfd.dir/CheckSymbolExists.c.o  -o cmTC_4ecfd -rdynamic 
CMakeFiles/cmTC_4ecfd.dir/CheckSymbolExists.c.o: In function `main':
CheckSymbolExists.c:(.text+0x16): undefined reference to `pthread_create'
collect2: error: ld returned 1 exit status
CMakeFiles/cmTC_4ecfd.dir/build.make:97: recipe for target 'cmTC_4ecfd' failed
make[1]: *** [cmTC_4ecfd] Error 1
make[1]: Leaving directory '/home/ly_dra/Desktop/Slam/ch6/ceres_curve_fitting/build/CMakeFiles/CMakeTmp'
Makefile:126: recipe for target 'cmTC_4ecfd/fast' failed
make: *** [cmTC_4ecfd/fast] Error 2

File /home/ly_dra/Desktop/Slam/ch6/ceres_curve_fitting/build/CMakeFiles/CMakeTmp/CheckSymbolExists.c:
/* */
#include <pthread.h>

int main(int argc, char** argv)
{
  (void)argv;
#ifndef pthread_create
  return ((int*)(&pthread_create))[argc];
#else
  (void)argc;
  return 0;
#endif
}

Determining if the function pthread_create exists in the pthreads failed with the following output:
Change Dir: /home/ly_dra/Desktop/Slam/ch6/ceres_curve_fitting/build/CMakeFiles/CMakeTmp

Run Build Command:"/usr/bin/make" "cmTC_bcc8c/fast"
/usr/bin/make -f CMakeFiles/cmTC_bcc8c.dir/build.make CMakeFiles/cmTC_bcc8c.dir/build
make[1]: Entering directory '/home/ly_dra/Desktop/Slam/ch6/ceres_curve_fitting/build/CMakeFiles/CMakeTmp'
Building C object CMakeFiles/cmTC_bcc8c.dir/CheckFunctionExists.c.o
/usr/bin/cc    -DCHECK_FUNCTION_EXISTS=pthread_create   -o CMakeFiles/cmTC_bcc8c.dir/CheckFunctionExists.c.o   -c /usr/share/cmake-3.5/Modules/CheckFunctionExists.c
Linking C executable cmTC_bcc8c
/usr/bin/cmake -E cmake_link_script CMakeFiles/cmTC_bcc8c.dir/link.txt --verbose=1
/usr/bin/cc   -DCHECK_FUNCTION_EXISTS=pthread_create    CMakeFiles/cmTC_bcc8c.dir/CheckFunctionExists.c.o  -o cmTC_bcc8c -rdynamic -lpthreads 
/usr/bin/ld: cannot find -lpthreads
collect2: error: ld returned 1 exit status
CMakeFiles/cmTC_bcc8c.dir/build.make:97: recipe for target 'cmTC_bcc8c' failed
make[1]: *** [cmTC_bcc8c] Error 1
make[1]: Leaving directory '/home/ly_dra/Desktop/Slam/ch6/ceres_curve_fitting/build/CMakeFiles/CMakeTmp'
Makefile:126: recipe for target 'cmTC_bcc8c/fast' failed
make: *** [cmTC_bcc8c/fast] Error 2


